<?xml version="1.0" encoding="utf-8"?><testsuites name="pytest tests"><testsuite name="pytest" errors="0" failures="0" skipped="0" tests="62" time="1.742" timestamp="2026-09-19T22:55:17.375990+08:00" hostname="dhxxqk"><testcase classname="tests.test_case_001" name="test_case_001_full_structural_audit_without_mutation" time="0.367" /><testcase classname="tests.test_case_001" name="test_repeat_audit_is_deterministic" time="0.479" /><testcase classname="tests.test_cli" name="test_lint_fail_exit_report_written" time="0.029" /><testcase classname="tests.test_cli" name="test_missing_input_exit_two" time="0.002" /><testcase classname="tests.test_cli" name="test_missing_spec_refuses_rules" time="0.008" /><testcase classname="tests.test_cli" name="test_bad_yaml_readable_error" time="0.002" /><testcase classname="tests.test_cli" name="test_audit_writes_report_on_unavailable_render" time="0.025" /><testcase classname="tests.test_cli" name="test_report_path_cannot_overwrite_input" time="0.012" /><testcase classname="tests.test_docx_reader" name="test_zip_styles_sections_relationships" time="0.009" /><testcase classname="tests.test_docx_reader" name="test_direct_formatting_and_breaks" time="0.007" /><testcase classname="tests.test_docx_reader" name="test_merged_and_nested_tables" time="0.007" /><testcase classname="tests.test_docx_reader" name="test_missing_and_bad_package" time="0.008" /><testcase classname="tests.test_docx_reader" name="test_dtd_rejected" time="0.006" /><testcase classname="tests.test_numbering" name="test_manual_numbering[1 \u5f15\u8a00]" time="0.010" /><testcase classname="tests.test_numbering" name="test_manual_numbering[1.1 \u8303\u56f4]" time="0.015" /><testcase classname="tests.test_numbering" name="test_manual_numbering[1.1.1\u76ee\u6807]" time="0.015" /><testcase classname="tests.test_numbering" name="test_manual_numbering[\u4e00\u3001\u5f15\u8a00]" time="0.015" /><testcase classname="tests.test_numbering" name="test_manual_numbering[\uff08\u4e00\uff09\u8303\u56f4]" time="0.015" /><testcase classname="tests.test_numbering" name="test_manual_numbering[1\uff09\u8303\u56f4]" time="0.014" /><testcase classname="tests.test_numbering" name="test_real_automatic_numbering" time="0.016" /><testcase classname="tests.test_numbering" name="test_style_linked_level_ignores_style_ilvl" time="0.007" /><testcase classname="tests.test_numbering" name="test_explicit_cancel_and_dangling_id" time="0.015" /><testcase classname="tests.test_numbering" name="test_single_level_is_not_multilevel" time="0.016" /><testcase classname="tests.test_numbering" name="test_num_style_link_and_override" time="0.009" /><testcase classname="tests.test_numbering" name="test_num_style_cycle_is_reported" time="0.009" /><testcase classname="tests.test_renderer" name="test_unavailable_explicit_and_input_unchanged" time="0.007" /><testcase classname="tests.test_renderer" name="test_pdf_to_png_success_without_native_office" time="0.065" /><testcase classname="tests.test_renderer" name="test_failed_backend_not_silently_skipped" time="0.006" /><testcase classname="tests.test_renderer" name="test_output_cannot_escape_or_overwrite_input" time="0.004" /><testcase classname="tests.test_renderer" name="test_word_timeout_targets_only_owned_pid" time="0.003" /><testcase classname="tests.test_sections" name="test_landscape_warning_not_whole_document_error" time="0.015" /><testcase classname="tests.test_sections" name="test_margin_violation" time="0.016" /><testcase classname="tests.test_sections" name="test_front_title_and_missing_page_boundary" time="0.016" /><testcase classname="tests.test_sections" name="test_explicit_page_break_before_first_heading" time="0.015" /><testcase classname="tests.test_sections" name="test_break_before_previous_text_does_not_separate_heading" time="0.016" /><testcase classname="tests.test_sections" name="test_toc_content_cannot_be_skipped_when_testing_boundary" time="0.015" /><testcase classname="tests.test_styles" name="test_run_overrides_chinese_not_english" time="0.016" /><testcase classname="tests.test_styles" name="test_heading_style_theme_blue_cannot_be_hidden_by_run" time="0.015" /><testcase classname="tests.test_styles" name="test_direct_font_supersedes_inherited_theme" time="0.016" /><testcase classname="tests.test_styles" name="test_visual_heading_candidate_is_warning" time="0.017" /><testcase classname="tests.test_styles" name="test_basedon_cycle_does_not_hang" time="0.016" /><testcase classname="tests.test_styles" name="test_character_style_and_toggle_cascade" time="0.008" /><testcase classname="tests.test_styles" name="test_theme_font_precedes_explicit_font" time="0.017" /><testcase classname="tests.test_styles" name="test_missing_theme_is_unsupported" time="0.017" /><testcase classname="tests.test_styles" name="test_normal_cover_toc_caption_not_body_errors" time="0.017" /><testcase classname="tests.test_styles" name="test_custom_heading_lookalike_is_not_builtin" time="0.015" /><testcase classname="tests.test_tables" name="test_table_body_style_detected" time="0.018" /><testcase classname="tests.test_tables" name="test_based_on_body_transitive" time="0.018" /><testcase classname="tests.test_tables" name="test_direct_indent_and_spacing_override" time="0.016" /><testcase classname="tests.test_tables" name="test_repeated_header_stronger_than_first_row_candidate" time="0.017" /><testcase classname="tests.test_tables" name="test_cover_metadata_table_is_not_definite_content_table" time="0.016" /><testcase classname="tests.test_toc" name="test_simple_toc" time="0.015" /><testcase classname="tests.test_toc" name="test_split_complex_nested_fields" time="0.017" /><testcase classname="tests.test_toc" name="test_toc_title_is_not_field" time="0.016" /><testcase classname="tests.test_toc" name="test_wrong_levels_and_additional_sources" time="0.015" /><testcase classname="tests.test_toc" name="test_unclosed_field_is_not_pass" time="0.015" /><testcase classname="tests.test_toc" name="test_double_backslash_toc_not_silently_passed" time="0.016" /><testcase classname="tests.test_toc" name="test_footer_fields_and_footnotes" time="0.009" /><testcase classname="tests.test_word_export" name="test_word_window_readonly_export_and_cleanup[None]" time="0.002" /><testcase classname="tests.test_word_export" name="test_word_window_readonly_export_and_cleanup[open]" time="0.002" /><testcase classname="tests.test_word_export" name="test_word_window_readonly_export_and_cleanup[export]" time="0.002" /><testcase classname="tests.test_word_export" name="test_word_window_readonly_export_and_cleanup[existing_process]" time="0.001" /></testsuite></testsuites>